
> exam-platform-frontend@1.0.0 dev
> vite

Port 5173 is in use, trying another one...

  [32m[1mVITE[22m v5.4.21[39m  [2mready in [0m[1m427[22m[2m[0m ms[22m

  [32m➜[39m  [1mLocal[22m:   [36mhttp://localhost:[1m5174[22m/[39m
[2m  [32m➜[39m  [1mNetwork[22m[2m: use [22m[1m--host[22m[2m to expose[22m
[2m16:09:06[22m [36m[1m[vite][22m[39m [32m.env.development changed, restarting server...[39m
[2m16:09:06[22m [36m[1m[vite][22m[39m server restarted.
[2m17:02:35[22m [36m[1m[vite][22m[39m [32mvite.config.ts changed, restarting server...[39m
[2m17:02:35[22m [36m[1m[vite][22m[39m server restarted.

  [32m➜[39m  [1mLocal[22m:   [36mhttp://localhost:[1m5174[22m/exam-platform/[39m
[2m  [32m➜[39m  [1mNetwork[22m[2m: use [22m[1m--host[22m[2m to expose[22m
[2m17:28:00[22m [36m[1m[vite][22m[39m [32mvite.config.ts changed, restarting server...[39m
[2m17:28:00[22m [36m[1m[vite][22m[39m server restarted.

  [32m➜[39m  [1mLocal[22m:   [36mhttp://localhost:[1m5174[22m/[39m
[2m  [32m➜[39m  [1mNetwork[22m[2m: use [22m[1m--host[22m[2m to expose[22m
[2m17:32:50[22m [36m[1m[vite][22m[39m [32mvite.config.ts changed, restarting server...[39m
[2m17:32:50[22m [36m[1m[vite][22m[39m server restarted.

  [32m➜[39m  [1mLocal[22m:   [36mhttp://localhost:[1m5174[22m/exam-platform/[39m
[2m  [32m➜[39m  [1mNetwork[22m[2m: use [22m[1m--host[22m[2m to expose[22m
[2m17:33:30[22m [36m[1m[vite][22m[39m [32mpage reload [39m[2mpublic/404.html[22m
