
> exam-platform-frontend@1.0.0 dev
> vite


  [32m[1mVITE[22m v5.4.21[39m  [2mready in [0m[1m415[22m[2m[0m ms[22m

  [32m➜[39m  [1mLocal[22m:   [36mhttp://localhost:[1m5173[22m/[39m
[2m  [32m➜[39m  [1mNetwork[22m[2m: use [22m[1m--host[22m[2m to expose[22m
[2m23:41:07[22m [36m[1m[vite][22m[39m [32mhmr update [39m[2m/src/views/practice/PracticePage.vue[22m
[2m23:43:27[22m [36m[1m[vite][22m[39m [32mhmr update [39m[2m/src/views/practice/PracticePage.vue, /src/views/practice/PracticePage.vue?vue&type=style&index=0&scoped=cd6e2d2a&lang.css[22m
[2m23:47:18[22m [36m[1m[vite][22m[39m [32mhmr update [39m[2m/src/views/paper/PaperDetailPage.vue[22m
[2m23:47:45[22m [36m[1m[vite][22m[39m [32mhmr update [39m[2m/src/views/practice/PracticePage.vue?vue&type=style&index=0&scoped=cd6e2d2a&lang.css[22m
[2m23:47:52[22m [36m[1m[vite][22m[39m [32mhmr update [39m[2m/src/views/paper/PaperDetailPage.vue?vue&type=style&index=0&scoped=bc10ca49&lang.css[22m
[2m23:50:15[22m [36m[1m[vite][22m[39m [32mhmr update [39m[2m/src/views/practice/PracticePage.vue, /src/views/practice/PracticePage.vue?vue&type=style&index=0&scoped=cd6e2d2a&lang.css[22m
[2m23:53:07[22m [36m[1m[vite][22m[39m [32mhmr update [39m[2m/src/views/practice/PracticePage.vue, /src/views/practice/PracticePage.vue?vue&type=style&index=0&scoped=cd6e2d2a&lang.css[22m
[2m23:53:18[22m [36m[1m[vite][22m[39m [32mhmr update [39m[2m/src/views/practice/PracticePage.vue[22m
[2m00:01:09[22m [36m[1m[vite][22m[39m [32mhmr update [39m[2m/src/views/papers/PapersPage.vue[22m
[2m00:05:40[22m [36m[1m[vite][22m[39m [32mhmr update [39m[2m/src/views/practice/PracticePage.vue[22m
[2m00:07:27[22m [36m[1m[vite][22m[39m [32mhmr update [39m[2m/src/views/practice/PracticePage.vue, /src/views/practice/PracticePage.vue?vue&type=style&index=0&scoped=cd6e2d2a&lang.css[22m
[2m00:07:36[22m [36m[1m[vite][22m[39m [32mhmr update [39m[2m/src/views/practice/PracticePage.vue?vue&type=style&index=0&scoped=cd6e2d2a&lang.css[22m
[2m00:09:36[22m [36m[1m[vite][22m[39m [32mhmr update [39m[2m/src/views/papers/PapersPage.vue[22m
[2m00:11:23[22m [36m[1m[vite][22m[39m [32mhmr update [39m[2m/src/views/paper/QuestionViewPage.vue[22m
[2m00:11:23[22m [36m[1m[vite][22m[39m [32mhmr update [39m[2m/src/views/wrong/WrongPage.vue?vue&type=style&index=0&scoped=d4cf4b18&lang.css, /src/views/wrong/WrongPage.vue[22m
[2m00:11:34[22m [36m[1m[vite][22m[39m [32mhmr update [39m[2m/src/views/paper/QuestionViewPage.vue[22m
[2m00:14:26[22m [36m[1m[vite][22m[39m [32mhmr update [39m[2m/src/views/paper/QuestionViewPage.vue[22m
[2m00:26:09[22m [36m[1m[vite][22m[39m [32mhmr update [39m[2m/src/views/practice/PracticePage.vue[22m
[2m00:31:42[22m [36m[1m[vite][22m[39m [32mhmr update [39m[2m/src/views/practice/PracticePage.vue, /src/views/practice/PracticePage.vue?vue&type=style&index=0&scoped=cd6e2d2a&lang.css[22m
[2m00:32:01[22m [36m[1m[vite][22m[39m [32mhmr update [39m[2m/src/views/practice/PracticePage.vue[22m
